2017-02-21 18:25:35 ERROR RequestProcessor:808 - Not able to find the requested resouce
2017-02-21 18:26:20 INFO  HttpServer:67 - Loading the servlets
2017-02-21 18:26:21 INFO  HttpServer:69 - Starting the server
2017-02-21 18:26:29 ERROR RequestProcessor:808 - Not able to find the requested resouce
2017-02-21 19:01:04 INFO  HttpServer:66 - Loading the servlets
2017-02-21 19:01:04 INFO  HttpServer:68 - Starting the server
2017-02-21 19:08:26 INFO  HttpServer:66 - Loading the servlets
2017-02-21 19:08:26 INFO  HttpServer:68 - Starting the server
2017-02-21 19:09:39 INFO  HttpServer:66 - Loading the servlets
2017-02-21 19:09:39 INFO  HttpServer:68 - Starting the server
2017-02-21 19:10:48 INFO  HttpServer:66 - Loading the servlets
2017-02-21 19:10:49 INFO  HttpServer:68 - Starting the server
2017-02-21 19:12:03 INFO  HttpServer:66 - Loading the servlets
2017-02-21 19:12:03 INFO  HttpServer:68 - Starting the server
2017-02-21 19:12:52 INFO  HttpServer:66 - Loading the servlets
2017-02-21 19:12:52 INFO  HttpServer:68 - Starting the server
2017-02-21 19:14:01 INFO  HttpServer:66 - Loading the servlets
2017-02-21 19:14:02 INFO  HttpServer:68 - Starting the server
2017-02-21 19:14:53 INFO  HttpServer:66 - Loading the servlets
2017-02-21 19:14:53 INFO  HttpServer:68 - Starting the server
2017-02-21 19:15:33 INFO  HttpServer:66 - Loading the servlets
2017-02-21 19:15:33 INFO  HttpServer:68 - Starting the server
2017-02-21 19:16:34 INFO  HttpServer:66 - Loading the servlets
2017-02-21 19:16:34 INFO  HttpServer:68 - Starting the server
2017-02-21 19:17:20 INFO  HttpServer:66 - Loading the servlets
2017-02-21 19:17:20 INFO  HttpServer:68 - Starting the server
2017-02-21 19:18:41 INFO  HttpServer:66 - Loading the servlets
2017-02-21 19:18:42 INFO  HttpServer:68 - Starting the server
2017-02-21 19:19:49 INFO  HttpServer:66 - Loading the servlets
2017-02-21 19:19:49 INFO  HttpServer:68 - Starting the server
2017-02-21 19:20:34 INFO  HttpServer:66 - Loading the servlets
2017-02-21 19:20:34 INFO  HttpServer:68 - Starting the server
2017-02-21 19:21:24 INFO  HttpServer:66 - Loading the servlets
2017-02-21 19:21:24 INFO  HttpServer:68 - Starting the server
2017-02-21 19:22:01 INFO  HttpServer:66 - Loading the servlets
2017-02-21 19:22:01 INFO  HttpServer:68 - Starting the server
2017-02-21 19:22:43 INFO  HttpServer:66 - Loading the servlets
2017-02-21 19:22:44 INFO  HttpServer:68 - Starting the server
2017-02-21 19:23:30 INFO  HttpServer:66 - Loading the servlets
2017-02-21 19:23:30 INFO  HttpServer:68 - Starting the server
2017-02-21 19:24:03 INFO  HttpServer:66 - Loading the servlets
2017-02-21 19:24:03 INFO  HttpServer:68 - Starting the server
2017-02-21 19:24:40 INFO  HttpServer:66 - Loading the servlets
2017-02-21 19:24:40 INFO  HttpServer:68 - Starting the server
2017-02-21 19:25:47 INFO  HttpServer:66 - Loading the servlets
2017-02-21 19:25:47 INFO  HttpServer:68 - Starting the server
2017-02-21 19:26:26 INFO  HttpServer:66 - Loading the servlets
2017-02-21 19:26:26 INFO  HttpServer:68 - Starting the server
2017-02-21 19:27:05 INFO  HttpServer:66 - Loading the servlets
2017-02-21 19:27:05 INFO  HttpServer:68 - Starting the server
2017-02-21 19:28:14 INFO  HttpServer:66 - Loading the servlets
2017-02-21 19:28:14 INFO  HttpServer:68 - Starting the server
2017-02-21 19:28:55 INFO  HttpServer:66 - Loading the servlets
2017-02-21 19:28:56 INFO  HttpServer:68 - Starting the server
2017-02-21 19:29:51 INFO  HttpServer:66 - Loading the servlets
2017-02-21 19:29:51 INFO  HttpServer:68 - Starting the server
2017-02-21 20:13:25 INFO  HttpServer:66 - Loading the servlets
2017-02-21 20:13:25 INFO  HttpServer:68 - Starting the server
2017-02-21 20:13:31 ERROR RequestProcessor:808 - Not able to find the requested resouce
2017-02-21 20:14:16 INFO  HttpServletResponseImpl:205 - Session is invalidated
2017-02-21 20:15:10 INFO  HttpServer:66 - Loading the servlets
2017-02-21 20:15:10 INFO  HttpServer:68 - Starting the server
2017-02-21 20:15:28 INFO  HttpServer:66 - Loading the servlets
2017-02-21 20:15:28 INFO  HttpServer:68 - Starting the server
2017-02-21 20:15:38 INFO  HttpServletResponseImpl:205 - Session is invalidated
2017-02-22 01:11:05 INFO  HttpServletResponseImpl:225 - Session is invaliated
2017-02-22 01:11:05 INFO  HttpServletResponseImpl:205 - Session is invalidated
2017-02-22 01:11:05 WARN  RequestProcessor:357 - Percent not followed by valid Character ASCII
